<?xml version="1.0" encoding="UTF-8"?>
<!-- Generated by org.testng.reporters.JUnitXMLReporter -->
<testsuite ignored="4" hostname="DESKTOP-LUQQADN" failures="0" tests="3" name="Test" time="27.465" errors="0" timestamp="2024-07-15T12:38:59 IST">
  <testcase classname="testcases.TC_001_LoginWithValidData" name="loginwithvaliddata" time="1.288"/>
  <testcase classname="testcases.TC_002_LoginWithInvalidData" name="login_with_invalid_data" time="1.15"/>
  <testcase classname="testcases.TC_003_CreateLead_with_valid_data" name="CreateLead_with_ValidData" time="8.249"/>
  <testcase classname="projectspecification.BaseClass" name="@BeforeSuite startReporter" time="0.0">
    <ignored/>
  </testcase> <!-- @BeforeSuite startReporter -->
  <testcase classname="projectspecification.BaseClass" name="@BeforeSuite startReporter" time="0.0">
    <ignored/>
  </testcase> <!-- @BeforeSuite startReporter -->
  <testcase classname="projectspecification.BaseClass" name="@AfterSuite endReport" time="0.0">
    <ignored/>
  </testcase> <!-- @AfterSuite endReport -->
  <testcase classname="projectspecification.BaseClass" name="@AfterSuite endReport" time="0.0">
    <ignored/>
  </testcase> <!-- @AfterSuite endReport -->
</testsuite> <!-- Test -->
