<?xml version="1.0" encoding="UTF-8"?>
<testng-results ignored="4" total="7" passed="3" failed="0" skipped="0">
  <reporter-output>
  </reporter-output>
  <suite started-at="2024-10-07T14:15:51 IST" name="Suite" finished-at="2024-10-07T14:16:33 IST" duration-ms="41655">
    <groups>
    </groups>
    <test started-at="2024-10-07T14:15:51 IST" name="Test" finished-at="2024-10-07T14:16:33 IST" duration-ms="41655">
      <class name="testcases.TC_002_LoginWithInvalidData">
        <test-method is-config="true" signature="setdata()[pri:0, instance:testcases.TC_002_LoginWithInvalidData@c33b74f]" started-at="2024-10-07T14:15:51 IST" name="setdata" finished-at="2024-10-07T14:15:51 IST" duration-ms="0" status="PASS">
          <reporter-output>
          </reporter-output>
        </test-method> <!-- setdata -->
        <test-method is-config="true" signature="testDetails()[pri:0, instance:testcases.TC_002_LoginWithInvalidData@c33b74f]" started-at="2024-10-07T14:16:05 IST" name="testDetails" finished-at="2024-10-07T14:16:05 IST" duration-ms="14" status="PASS">
          <reporter-output>
          </reporter-output>
        </test-method> <!-- testDetails -->
        <test-method is-config="true" signature="StartApp()[pri:0, instance:testcases.TC_002_LoginWithInvalidData@c33b74f]" started-at="2024-10-07T14:16:05 IST" name="StartApp" finished-at="2024-10-07T14:16:11 IST" duration-ms="5837" status="PASS">
          <reporter-output>
          </reporter-output>
        </test-method> <!-- StartApp -->
        <test-method signature="login_with_invalid_data(java.lang.String,java.lang.String)[pri:0, instance:testcases.TC_002_LoginWithInvalidData@c33b74f]" started-at="2024-10-07T14:16:11 IST" name="login_with_invalid_data" data-provider="login_with_invalid_Data" finished-at="2024-10-07T14:16:13 IST" duration-ms="1588" status="PASS">
          <params>
            <param index="0">
              <value>
                <![CDATA[sathish]]>
              </value>
            </param>
            <param index="1">
              <value>
                <![CDATA[Murugaa@123]]>
              </value>
            </param>
          </params>
          <reporter-output>
          </reporter-output>
        </test-method> <!-- login_with_invalid_data -->
        <test-method is-config="true" signature="postCondition()[pri:0, instance:testcases.TC_002_LoginWithInvalidData@c33b74f]" started-at="2024-10-07T14:16:13 IST" name="postCondition" finished-at="2024-10-07T14:16:13 IST" duration-ms="290" status="PASS">
          <reporter-output>
          </reporter-output>
        </test-method> <!-- postCondition -->
      </class> <!-- testcases.TC_002_LoginWithInvalidData -->
      <class name="testcases.TC_003_CreateLead_with_valid_data">
        <test-method is-config="true" signature="setdata()[pri:0, instance:testcases.TC_003_CreateLead_with_valid_data@130161f7]" started-at="2024-10-07T14:15:51 IST" name="setdata" finished-at="2024-10-07T14:15:51 IST" duration-ms="0" status="PASS">
          <reporter-output>
          </reporter-output>
        </test-method> <!-- setdata -->
        <test-method is-config="true" signature="testDetails()[pri:0, instance:testcases.TC_003_CreateLead_with_valid_data@130161f7]" started-at="2024-10-07T14:16:13 IST" name="testDetails" finished-at="2024-10-07T14:16:13 IST" duration-ms="0" status="PASS">
          <reporter-output>
          </reporter-output>
        </test-method> <!-- testDetails -->
        <test-method is-config="true" signature="StartApp()[pri:0, instance:testcases.TC_003_CreateLead_with_valid_data@130161f7]" started-at="2024-10-07T14:16:13 IST" name="StartApp" finished-at="2024-10-07T14:16:22 IST" duration-ms="8534" status="PASS">
          <reporter-output>
          </reporter-output>
        </test-method> <!-- StartApp -->
        <test-method signature="CreateLead_with_ValidData(java.lang.String,java.lang.String,java.lang.String,java.lang.String,java.lang.String,java.lang.String)[pri:0, instance:testcases.TC_003_CreateLead_with_valid_data@130161f7]" started-at="2024-10-07T14:16:22 IST" name="CreateLead_with_ValidData" data-provider="createlead_with_validData" finished-at="2024-10-07T14:16:33 IST" duration-ms="10922" status="PASS">
          <params>
            <param index="0">
              <value>
                <![CDATA[demosalesmanager]]>
              </value>
            </param>
            <param index="1">
              <value>
                <![CDATA[crmsfa]]>
              </value>
            </param>
            <param index="2">
              <value>
                <![CDATA[Manoj Steels]]>
              </value>
            </param>
            <param index="3">
              <value>
                <![CDATA[Manoj]]>
              </value>
            </param>
            <param index="4">
              <value>
                <![CDATA[K]]>
              </value>
            </param>
            <param index="5">
              <value>
                <![CDATA[INR]]>
              </value>
            </param>
          </params>
          <reporter-output>
          </reporter-output>
        </test-method> <!-- CreateLead_with_ValidData -->
        <test-method is-config="true" signature="postCondition()[pri:0, instance:testcases.TC_003_CreateLead_with_valid_data@130161f7]" started-at="2024-10-07T14:16:33 IST" name="postCondition" finished-at="2024-10-07T14:16:33 IST" duration-ms="405" status="PASS">
          <reporter-output>
          </reporter-output>
        </test-method> <!-- postCondition -->
      </class> <!-- testcases.TC_003_CreateLead_with_valid_data -->
      <class name="testcases.TC_001_LoginWithValidData">
        <test-method is-config="true" signature="startReporter()[pri:0, instance:testcases.TC_001_LoginWithValidData@481a996b]" started-at="2024-10-07T14:15:51 IST" name="startReporter" finished-at="2024-10-07T14:15:51 IST" duration-ms="509" status="PASS">
          <reporter-output>
          </reporter-output>
        </test-method> <!-- startReporter -->
        <test-method is-config="true" signature="setdata()[pri:0, instance:testcases.TC_001_LoginWithValidData@481a996b]" started-at="2024-10-07T14:15:51 IST" name="setdata" finished-at="2024-10-07T14:15:51 IST" duration-ms="1" status="PASS">
          <reporter-output>
          </reporter-output>
        </test-method> <!-- setdata -->
        <test-method is-config="true" signature="testDetails()[pri:0, instance:testcases.TC_001_LoginWithValidData@481a996b]" started-at="2024-10-07T14:15:51 IST" name="testDetails" finished-at="2024-10-07T14:15:51 IST" duration-ms="8" status="PASS">
          <reporter-output>
          </reporter-output>
        </test-method> <!-- testDetails -->
        <test-method is-config="true" signature="StartApp()[pri:0, instance:testcases.TC_001_LoginWithValidData@481a996b]" started-at="2024-10-07T14:15:53 IST" name="StartApp" finished-at="2024-10-07T14:16:03 IST" duration-ms="9925" status="PASS">
          <reporter-output>
          </reporter-output>
        </test-method> <!-- StartApp -->
        <test-method signature="loginwithvaliddata(java.lang.String,java.lang.String)[pri:0, instance:testcases.TC_001_LoginWithValidData@481a996b]" started-at="2024-10-07T14:16:03 IST" name="loginwithvaliddata" data-provider="Loginwithvaliddata" finished-at="2024-10-07T14:16:05 IST" duration-ms="2250" status="PASS">
          <params>
            <param index="0">
              <value>
                <![CDATA[demosalesmanager]]>
              </value>
            </param>
            <param index="1">
              <value>
                <![CDATA[crmsfa]]>
              </value>
            </param>
          </params>
          <reporter-output>
          </reporter-output>
        </test-method> <!-- loginwithvaliddata -->
        <test-method is-config="true" signature="postCondition()[pri:0, instance:testcases.TC_001_LoginWithValidData@481a996b]" started-at="2024-10-07T14:16:05 IST" name="postCondition" finished-at="2024-10-07T14:16:05 IST" duration-ms="382" status="PASS">
          <reporter-output>
          </reporter-output>
        </test-method> <!-- postCondition -->
        <test-method is-config="true" signature="endReport()[pri:0, instance:testcases.TC_001_LoginWithValidData@481a996b]" started-at="2024-10-07T14:16:33 IST" name="endReport" finished-at="2024-10-07T14:16:34 IST" duration-ms="1090" status="PASS">
          <reporter-output>
          </reporter-output>
        </test-method> <!-- endReport -->
      </class> <!-- testcases.TC_001_LoginWithValidData -->
    </test> <!-- Test -->
  </suite> <!-- Suite -->
</testng-results>
