<?xml version="1.0" encoding="UTF-8"?>
<testsuite xmlns:xsi="http://www.w3.org/2001/XMLSchema-instance" xsi:noNamespaceSchemaLocation="https://maven.apache.org/surefire/maven-surefire-plugin/xsd/surefire-test-report.xsd" version="3.0.1" name="TestSuite" time="44.502" tests="3" errors="0" skipped="0" failures="0">
  <properties>
[...]
</properties>
  <testcase name="loginwithvaliddata[demosalesmanager, crmsfa](1)" classname="testcases.TC_001_LoginWithValidData" time="2.246">
    <system-out><![CDATA[1
2
demosalesmanager
crmsfa
]]></system-out>
    <system-err><![CDATA[ERROR StatusLogger Log4j2 could not find a logging implementation. Please add log4j-core to the classpath. Using SimpleLogger to log to the console...
Cleaning up unclosed ZipFile for archive C:\Users\DELL\eclipse-workspace\OwnProject\.\Testdata\TC_001_loginwithvaliddata.xlsx
Oct 07, 2024 2:15:58 PM org.openqa.selenium.devtools.CdpVersionFinder findNearestMatch
WARNING: Unable to find an exact match for CDP version 129, returning the closest version; found: 126; Please update to a Selenium version that supports CDP version 129
]]></system-err>
  </testcase>
  <testcase name="login_with_invalid_data[sathish, Murugaa@123](1)" classname="testcases.TC_002_LoginWithInvalidData" time="1.587">
    <system-out><![CDATA[1
2
sathish
Murugaa@123
]]></system-out>
    <system-err><![CDATA[Cleaning up unclosed ZipFile for archive C:\Users\DELL\eclipse-workspace\OwnProject\.\Testdata\TC_002_Login_With_Invalid_data.xlsx
Oct 07, 2024 2:16:07 PM org.openqa.selenium.devtools.CdpVersionFinder findNearestMatch
WARNING: Unable to find an exact match for CDP version 129, returning the closest version; found: 126; Please update to a Selenium version that supports CDP version 129
]]></system-err>
  </testcase>
  <testcase name="CreateLead_with_ValidData[demosalesmanager, crmsfa, Manoj Steels, Manoj, K, INR](1)" classname="testcases.TC_003_CreateLead_with_valid_data" time="10.922">
    <system-out><![CDATA[1
6
demosalesmanager
crmsfa
Manoj Steels
Manoj
K
INR
The dropdown value is  
The dropdown value is AFA - Afghani
The dropdown value is ALL - Albanian Lek
The dropdown value is DZD - Algerian Dinar
The dropdown value is ADP - Andoran peseta
The dropdown value is AOK - Angolan Kwanza
The dropdown value is ARS - Argentina Peso
The dropdown value is ARA - Argentinian Austral
The dropdown value is AMD - Armenian Dram
The dropdown value is AWG - Aruban Guilder
The dropdown value is AUD - Australian Dollar
The dropdown value is AZM - Azerbaijan Manat
The dropdown value is BSD - Bahaman Dollar
The dropdown value is BHD - Bahrain Dinar
The dropdown value is BDT - Bangladesh Taka
The dropdown value is BBD - Barbados Dollar
The dropdown value is BZD - Belize Dollar
The dropdown value is BYR - Belorussian Ruble
The dropdown value is XOF - Benin C.f.A. Franc
The dropdown value is BMD - Bermudan Dollar
The dropdown value is BOB - Bolivian Boliviano
The dropdown value is BAD - Bosnia-Herzogovinian Dinar
The dropdown value is BWP - Botswana Pula
The dropdown value is BRR - Brazil
The dropdown value is BRL - Brazilian Real
The dropdown value is GBP - British Pound
The dropdown value is BND - Brunei Dollar
The dropdown value is BGN - Bulgarian Lev
The dropdown value is BIF - Burundi Franc
The dropdown value is KHR - Cambodian Riel
The dropdown value is CAD - Canadian Dollar
The dropdown value is CVE - Cape Verde Escudo
The dropdown value is KYD - Cayman Dollar
The dropdown value is CLP - Chilean Peso
The dropdown value is CNY - China
The dropdown value is COP - Colombian Peso
The dropdown value is KMF - Comoros Franc
The dropdown value is CRC - Costa Rica Colon
The dropdown value is HRD - Croatian Dinar
The dropdown value is CUP - Cuban Peso
The dropdown value is CYP - Cyprus Pound
The dropdown value is CZK - Czech Krona
The dropdown value is DKK - Danish Krone
The dropdown value is DJF - Djibouti Franc
The dropdown value is DOP - Dominican Peso
The dropdown value is DRP - Dominican Republic Peso
The dropdown value is XCD - East Carribean Dollar
The dropdown value is ECS - Ecuador Sucre
The dropdown value is EGP - Egyptian Pound
The dropdown value is SVC - El Salvador Colon
The dropdown value is EEK - Estonian Krone
The dropdown value is ETB - Ethiopian Birr
The dropdown value is EUR - Euro
The dropdown value is FKP - Falkland Pound
The dropdown value is FJD - Fiji Dollar
The dropdown value is XAF - Gabon C.f.A Franc
The dropdown value is GMD - Gambian Dalasi
The dropdown value is GEK - Georgian Kupon
The dropdown value is GHC - Ghanian Cedi
The dropdown value is GIP - Gibraltar Pound
The dropdown value is GTQ - Guatemalan Quedzal
The dropdown value is GNF - Guinea Franc
The dropdown value is GWP - Guinea Peso
The dropdown value is GYD - Guyanese Dollar
The dropdown value is HTG - Haitian Gourde
The dropdown value is HNL - Honduran Lempira
The dropdown value is HKD - Hong Kong Dollar
The dropdown value is HUF - Hungarian forint
The dropdown value is ISK - Iceland Krona
The dropdown value is IDR - Indonesian Rupiah
The dropdown value is INR - Indian Rupee
INR
The dropdown value is IRR - Iranian Rial
The dropdown value is IQD - Iraqui Dinar
The dropdown value is ILS - Israeli Scheckel
The dropdown value is JMD - Jamaican Dollar
The dropdown value is JPY - Japanese Yen
The dropdown value is JOD - Jordanian Dinar
The dropdown value is KZT - Kazakhstani Tenge
The dropdown value is KES - Kenyan Shilling
The dropdown value is KIS - Kirghizstan Som
The dropdown value is KWD - Kuwaiti Dinar
The dropdown value is LAK - Laotian Kip
The dropdown value is LVL - Latvian Lat
The dropdown value is LBP - Lebanese Pound
The dropdown value is SLL - Leone
The dropdown value is LSL - Lesotho Loti
The dropdown value is LRD - Liberian Dollar
The dropdown value is LYD - Libyan Dinar
The dropdown value is LTL - Lithuanian Lita
The dropdown value is MOP - Macao Pataca
The dropdown value is MGF - Madagascan Franc
The dropdown value is MWK - Malawi Kwacha
The dropdown value is MYR - Malaysian Ringgit
The dropdown value is MVR - Maldive Rufiyaa
The dropdown value is MTL - Maltese Lira
The dropdown value is MRO - Mauritanian Ouguiya
The dropdown value is MUR - Mauritius Rupee
The dropdown value is MXN - Mexican Peso (new)
The dropdown value is MXP - Mexican Peso (old)
The dropdown value is MDL - Moldavian Lei
The dropdown value is MNT - Mongolian Tugrik
The dropdown value is MAD - Moroccan Dirham
The dropdown value is MZM - Mozambique Metical
The dropdown value is NPR - Nepalese Rupee
The dropdown value is NIS - New Israeli Shekel
The dropdown value is TWD - New Taiwan Dollar
The dropdown value is NZD - New Zealand Dollar
The dropdown value is NIC - Nicaragua
The dropdown value is NIO - Nicaraguan Cordoba
The dropdown value is NGN - Nigerian Naira
The dropdown value is KPW - North Korean Won
The dropdown value is NOK - Norwegian Krone
The dropdown value is OMR - Omani Rial
The dropdown value is PKR - Pakistan Rupee
The dropdown value is PAB - Panamanian Balboa
The dropdown value is PGK - Papua New Guinea Kina
The dropdown value is PYG - Paraguayan Guarani
The dropdown value is SOL - Peru
The dropdown value is PEI - Peruvian Inti
The dropdown value is PES - Peruvian Sol
The dropdown value is PEN - Peruvian Sol - New
The dropdown value is PHP - Philippino Peso
The dropdown value is PLZ - Poland
The dropdown value is PLN - Polish Zloty
The dropdown value is QAR - Qatar Riyal
The dropdown value is ROL - Romanian Leu
The dropdown value is RUR - Russian Rouble
The dropdown value is SUR - Russian Ruble (old)
The dropdown value is RWF - Rwanda Franc
The dropdown value is WST - Samoan Tala
The dropdown value is CDP - Santo Domiongo
The dropdown value is STD - Sao Tome / Principe Dobra
The dropdown value is SAR - Saudi Riyal
The dropdown value is SCR - Seychelles Rupee
The dropdown value is SGD - Singapore Dollar
The dropdown value is SBD - Solomon Islands Dollar
The dropdown value is SOS - Somalian Shilling
The dropdown value is ZAR - South African Rand
The dropdown value is KRW - South Korean Won
The dropdown value is LKR - Sri Lankan Rupee
The dropdown value is SHP - St.Helena Pound
The dropdown value is SDP - Sudanese Pound
The dropdown value is SRG - Surinam Guilder
The dropdown value is SZL - Swaziland Lilangeni
The dropdown value is SEK - Swedish Krona
The dropdown value is CHF - Swiss Franc
The dropdown value is SYP - Syrian Pound
The dropdown value is TJR - Tadzhikistani Ruble
The dropdown value is TZS - Tanzanian Shilling
The dropdown value is THB - Thailand Baht
The dropdown value is TPE - Timor Escudo
The dropdown value is TOP - Tongan Pa'anga
The dropdown value is TTD - Trinidad and Tobago Dollar
The dropdown value is TND - Tunisian Dinar
The dropdown value is TRY - Turkish Lira
The dropdown value is TMM - Turkmenistani Manat
The dropdown value is UGS - Ugandan Shilling
The dropdown value is UAH - Ukrainian Hryvnia
The dropdown value is AED - United Arab Emirates Dirham
The dropdown value is USD - American Dollar
The dropdown value is UYU - Uruguay
The dropdown value is UYP - Uruguayan New Peso
The dropdown value is VUV - Vanuatu Vatu
The dropdown value is VEB - Venezuelan Bolivar
The dropdown value is VND - Vietnamese Dong
The dropdown value is ANG - West Indian Guilder
The dropdown value is YER - Yemeni Ryal
The dropdown value is ZRZ - Zaire
The dropdown value is ZMK - Zambian Kwacha
The dropdown value is ZWD - Zimbabwean Dollar
The LeadID is 12114
]]></system-out>
    <system-err><![CDATA[Oct 07, 2024 2:16:15 PM org.openqa.selenium.devtools.CdpVersionFinder findNearestMatch
WARNING: Unable to find an exact match for CDP version 129, returning the closest version; found: 126; Please update to a Selenium version that supports CDP version 129
Cleaning up unclosed ZipFile for archive C:\Users\DELL\eclipse-workspace\OwnProject\.\Testdata\TC_003_CreateLead_With_validData.xlsx
]]></system-err>
  </testcase>
</testsuite>